This is pdfTeX, Version 3.14159265-2.6-1.40.21 (MiKTeX 2.9.7440 64-bit) (preloaded format=pdflatex 2022.1.31)  20 OCT 2022 22:24
entering extended mode
**"c:/Users/Admin/OneDrive - AUT University/PHD Journey/Papers/Journal of Big Data - Cybermycelium/Cybermycelium-Journal-of-Big-Data.tex"
("c:/Users/Admin/OneDrive - AUT University/PHD Journey/Papers/Journal of Big Data - Cybermycelium/Cybermycelium-Journal-of-Big-Data.tex"
LaTeX2e <2020-02-02> patch level 5
L3 programming layer <2020-05-15> ("c:/Users\Admin\OneDrive - AUT University\PHD Journey\Papers\Journal of Big Data - Cybermycelium\bmcart.cls"
Document Class: bmcart 2017/07/31BioMed Central class (VS)
(D:\MikTex\tex/latex/base\article.cls
Document Class: article 2019/12/20 v1.4l Standard LaTeX document class
(D:\MikTex\tex/latex/base\size10.clo
File: size10.clo 2019/12/20 v1.4l Standard LaTeX file (size option)
)
\c@part=\count167
\c@section=\count168
\c@subsection=\count169
\c@subsubsection=\count170
\c@paragraph=\count171
\c@subparagraph=\count172
\c@figure=\count173
\c@table=\count174
\abovecaptionskip=\skip47
\belowcaptionskip=\skip48
\bibindent=\dimen134
)
\mathindent=\dimen135
 (D:\MikTex\tex/latex/graphics\keyval.sty
Package: keyval 2014/10/28 v1.15 key=value parser (DPC)
\KV@toks@=\toks15
) (D:\MikTex\tex/latex/xcolor\xcolor.sty
Package: xcolor 2016/05/11 v2.12 LaTeX color extensions (UK)
 (D:\MikTex\tex/latex/graphics-cfg\color.cfg
File: color.cfg 2016/01/02 v1.6 sample color configuration
)
Package xcolor Info: Driver file: pdftex.def on input line 225.
 (D:\MikTex\tex/latex/graphics-def\pdftex.def
File: pdftex.def 2018/01/08 v1.0l Graphics/color driver for pdftex
)
Package xcolor Info: Model `cmy' substituted by `cmy0' on input line 1348.
Package xcolor Info: Model `hsb' substituted by `rgb' on input line 1352.
Package xcolor Info: Model `RGB' extended on input line 1364.
Package xcolor Info: Model `HTML' substituted by `rgb' on input line 1366.
Package xcolor Info: Model `Hsb' substituted by `hsb' on input line 1367.
Package xcolor Info: Model `tHsb' substituted by `hsb' on input line 1368.
Package xcolor Info: Model `HSB' substituted by `hsb' on input line 1369.
Package xcolor Info: Model `Gray' substituted by `gray' on input line 1370.
Package xcolor Info: Model `wave' substituted by `hsb' on input line 1371.
) (D:\MikTex\tex/latex/lastpage\lastpage.sty
Package: lastpage 2021/09/03 v1.2n Refers to last page's name (HMM; JPG)
)
\c@thanks=\count175
\bmcfloat@box=\box45
\c@author=\count176
\c@address=\count177
\sv@mathsurround=\dimen136
\fm@box=\box46
\c@addressref=\count178
\thanks@box=\box47
\abstract@box=\box48
\authors@list=\toks16
\keywords@list=\toks17
) (D:\MikTex\tex/latex/amscls\amsthm.sty
Package: amsthm 2020/05/29 v2.20.6
\thm@style=\toks18
\thm@bodyfont=\toks19
\thm@headfont=\toks20
\thm@notefont=\toks21
\thm@headpunct=\toks22
\thm@preskip=\skip49
\thm@postskip=\skip50
\thm@headsep=\skip51
\dth@everypar=\toks23
) (D:\MikTex\tex/latex/amsmath\amsmath.sty
Package: amsmath 2020/01/20 v2.17e AMS math features
\@mathmargin=\skip52

For additional information on amsmath, use the `?' option.
(D:\MikTex\tex/latex/amsmath\amstext.sty
Package: amstext 2000/06/29 v2.01 AMS text
 (D:\MikTex\tex/latex/amsmath\amsgen.sty
File: amsgen.sty 1999/11/30 v2.0 generic functions
\@emptytoks=\toks24
\ex@=\dimen137
)) (D:\MikTex\tex/latex/amsmath\amsbsy.sty
Package: amsbsy 1999/11/29 v1.2d Bold Symbols
\pmbraise@=\dimen138
) (D:\MikTex\tex/latex/amsmath\amsopn.sty
Package: amsopn 2016/03/08 v2.02 operator names
)
\inf@bad=\count179
LaTeX Info: Redefining \frac on input line 227.
\uproot@=\count180
\leftroot@=\count181
LaTeX Info: Redefining \overline on input line 389.
\classnum@=\count182
\DOTSCASE@=\count183
LaTeX Info: Redefining \ldots on input line 486.
LaTeX Info: Redefining \dots on input line 489.
LaTeX Info: Redefining \cdots on input line 610.
\Mathstrutbox@=\box49
\strutbox@=\box50
\big@size=\dimen139
LaTeX Font Info:    Redeclaring font encoding OML on input line 733.
LaTeX Font Info:    Redeclaring font encoding OMS on input line 734.
\macc@depth=\count184
\c@MaxMatrixCols=\count185
\dotsspace@=\muskip16
\c@parentequation=\count186
\dspbrk@lvl=\count187
\tag@help=\toks25
\row@=\count188
\column@=\count189
\maxfields@=\count190
\andhelp@=\toks26
\eqnshift@=\dimen140
\alignsep@=\dimen141
\tagshift@=\dimen142
\tagwidth@=\dimen143
\totwidth@=\dimen144
\lineht@=\dimen145
\@envbody=\toks27
\multlinegap=\skip53
\multlinetaggap=\skip54
\mathdisplay@stack=\toks28
LaTeX Info: Redefining \[ on input line 2859.
LaTeX Info: Redefining \] on input line 2860.
) (D:\MikTex\tex/latex/hyperref\hyperref.sty
Package: hyperref 2020-05-15 v7.00e Hypertext links for LaTeX
 (D:\MikTex\tex/generic/ltxcmds\ltxcmds.sty
Package: ltxcmds 2019/12/15 v1.24 LaTeX kernel commands for general use (HO)
) (D:\MikTex\tex/generic/iftex\iftex.sty
Package: iftex 2020/03/06 v1.0d TeX engine tests
) (D:\MikTex\tex/latex/pdftexcmds\pdftexcmds.sty
Package: pdftexcmds 2019/11/24 v0.31 Utility functions of pdfTeX for LuaTeX (HO)
 (D:\MikTex\tex/generic/infwarerr\infwarerr.sty
Package: infwarerr 2019/12/03 v1.5 Providing info/warning/error messages (HO)
)
Package pdftexcmds Info: \pdf@primitive is available.
Package pdftexcmds Info: \pdf@ifprimitive is available.
Package pdftexcmds Info: \pdfdraftmode found.
) (D:\MikTex\tex/generic/kvsetkeys\kvsetkeys.sty
Package: kvsetkeys 2019/12/15 v1.18 Key value parser (HO)
) (D:\MikTex\tex/generic/kvdefinekeys\kvdefinekeys.sty
Package: kvdefinekeys 2019-12-19 v1.6 Define keys (HO)
) (D:\MikTex\tex/generic/pdfescape\pdfescape.sty
Package: pdfescape 2019/12/09 v1.15 Implements pdfTeX's escape features (HO)
) (D:\MikTex\tex/latex/hycolor\hycolor.sty
Package: hycolor 2020-01-27 v1.10 Color options for hyperref/bookmark (HO)
) (D:\MikTex\tex/latex/letltxmacro\letltxmacro.sty
Package: letltxmacro 2019/12/03 v1.6 Let assignment for LaTeX macros (HO)
) (D:\MikTex\tex/latex/auxhook\auxhook.sty
Package: auxhook 2019-12-17 v1.6 Hooks for auxiliary files (HO)
) (D:\MikTex\tex/latex/kvoptions\kvoptions.sty
Package: kvoptions 2019/11/29 v3.13 Key value format for package options (HO)
)
\@linkdim=\dimen146
\Hy@linkcounter=\count191
\Hy@pagecounter=\count192
 (D:\MikTex\tex/latex/hyperref\pd1enc.def
File: pd1enc.def 2020-05-15 v7.00e Hyperref: PDFDocEncoding definition (HO)
Now handling font encoding PD1 ...
... no UTF-8 mapping file for font encoding PD1
) (D:\MikTex\tex/generic/intcalc\intcalc.sty
Package: intcalc 2019/12/15 v1.3 Expandable calculations with integers (HO)
) (D:\MikTex\tex/generic/etexcmds\etexcmds.sty
Package: etexcmds 2019/12/15 v1.7 Avoid name clashes with e-TeX commands (HO)
)
\Hy@SavedSpaceFactor=\count193
Package hyperref Info: Option `colorlinks' set `true' on input line 4338.


Package hyperref Warning: Option `pagecolor' is not available anymore.

Package hyperref Info: Hyper figures OFF on input line 4464.
Package hyperref Info: Link nesting OFF on input line 4469.
Package hyperref Info: Hyper index ON on input line 4472.
Package hyperref Info: Plain pages OFF on input line 4479.
Package hyperref Info: Backreferencing OFF on input line 4484.
Package hyperref Info: Implicit mode ON; LaTeX internals redefined.
Package hyperref Info: Bookmarks ON on input line 4717.
\c@Hy@tempcnt=\count194
(D:\MikTex\tex/latex/url\url.sty
\Urlmuskip=\muskip17
Package: url 2013/09/16  ver 3.4  Verb mode for urls, etc.
)
LaTeX Info: Redefining \url on input line 5076.
\XeTeXLinkMargin=\dimen147
 (D:\MikTex\tex/generic/bitset\bitset.sty
Package: bitset 2019/12/09 v1.3 Handle bit-vector datatype (HO)
 (D:\MikTex\tex/generic/bigintcalc\bigintcalc.sty
Package: bigintcalc 2019/12/15 v1.5 Expandable calculations on big integers (HO)
))
\Fld@menulength=\count195
\Field@Width=\dimen148
\Fld@charsize=\dimen149
Package hyperref Info: Hyper figures OFF on input line 6347.
Package hyperref Info: Link nesting OFF on input line 6352.
Package hyperref Info: Hyper index ON on input line 6355.
Package hyperref Info: backreferencing OFF on input line 6362.
Package hyperref Info: Link coloring ON on input line 6365.
Package hyperref Info: Link coloring with OCG OFF on input line 6372.
Package hyperref Info: PDF/A mode OFF on input line 6377.
LaTeX Info: Redefining \ref on input line 6417.
LaTeX Info: Redefining \pageref on input line 6421.
 (D:\MikTex\tex/generic/atbegshi\atbegshi.sty
Package: atbegshi 2019/12/05 v1.19 At begin shipout hook (HO)
)
\Hy@abspage=\count196
\c@Item=\count197
\c@Hfootnote=\count198
)
Package hyperref Info: Driver (autodetected): hpdftex.
 (D:\MikTex\tex/latex/hyperref\hpdftex.def
File: hpdftex.def 2020-05-15 v7.00e Hyperref driver for pdfTeX
 (D:\MikTex\tex/latex/atveryend\atveryend.sty
Package: atveryend 2019-12-11 v1.11 Hooks at the very end of document (HO)
Package atveryend Info: \enddocument detected (standard20110627).
)
\Fld@listcount=\count199
\c@bookmark@seq@number=\count266
 (D:\MikTex\tex/latex/rerunfilecheck\rerunfilecheck.sty
Package: rerunfilecheck 2019/12/05 v1.9 Rerun checks for auxiliary files (HO)
 (D:\MikTex\tex/generic/uniquecounter\uniquecounter.sty
Package: uniquecounter 2019/12/15 v1.4 Provide unlimited unique counter (HO)
)
Package uniquecounter Info: New unique counter `rerunfilecheck' on input line 286.
)
\Hy@SectionHShift=\skip55
) (D:\MikTex\tex/latex/base\inputenc.sty
Package: inputenc 2018/08/11 v1.3c Input encoding file
\inpenc@prehook=\toks29
\inpenc@posthook=\toks30
) (D:\MikTex\tex/latex/cite\cite.sty
LaTeX Info: Redefining \cite on input line 302.
LaTeX Info: Redefining \nocite on input line 332.
Package: cite 2015/02/27  v 5.5
) (D:\MikTex\tex/latex/amsfonts\amssymb.sty
Package: amssymb 2013/01/14 v3.01 AMS font symbols
 (D:\MikTex\tex/latex/amsfonts\amsfonts.sty
Package: amsfonts 2013/01/14 v3.01 Basic AMSFonts support
\symAMSa=\mathgroup4
\symAMSb=\mathgroup5
LaTeX Font Info:    Redeclaring math symbol \hbar on input line 98.
LaTeX Font Info:    Overwriting math alphabet `\mathfrak' in version `bold'
(Font)                  U/euf/m/n --> U/euf/b/n on input line 106.
)) (D:\MikTex\tex/latex/algorithms\algorithmic.sty
Package: algorithmic 2009/08/24 v0.1 Document Style `algorithmic'
 (D:\MikTex\tex/latex/base\ifthen.sty
Package: ifthen 2014/09/29 v1.1c Standard LaTeX ifthen package (DPC)
)
\c@ALC@unique=\count267
\c@ALC@line=\count268
\c@ALC@rem=\count269
\c@ALC@depth=\count270
\ALC@tlm=\skip56
\algorithmicindent=\skip57
) (D:\MikTex\tex/latex/graphics\graphicx.sty
Package: graphicx 2019/11/30 v1.2a Enhanced LaTeX Graphics (DPC,SPQR)
 (D:\MikTex\tex/latex/graphics\graphics.sty
Package: graphics 2019/11/30 v1.4a Standard LaTeX Graphics (DPC,SPQR)
 (D:\MikTex\tex/latex/graphics\trig.sty
Package: trig 2016/01/03 v1.10 sin cos tan (DPC)
) (D:\MikTex\tex/latex/graphics-cfg\graphics.cfg
File: graphics.cfg 2016/06/04 v1.11 sample graphics configuration
)
Package graphics Info: Driver file: pdftex.def on input line 105.
)
\Gin@req@height=\dimen150
\Gin@req@width=\dimen151
) (D:\MikTex\tex/latex/base\textcomp.sty
Package: textcomp 2020/02/02 v2.0n Standard LaTeX package
) (D:\MikTex\tex/latex/tools\array.sty
Package: array 2019/08/31 v2.4l Tabular extension package (FMi)
\col@sep=\dimen152
\ar@mcellbox=\box51
\extrarowheight=\dimen153
\NC@list=\toks31
\extratabsurround=\skip58
\backup@length=\skip59
\ar@cellbox=\box52
) (D:\MikTex\tex/latex/etoolbox\etoolbox.sty
Package: etoolbox 2019/09/21 v2.5h e-TeX tools for LaTeX (JAW)
\etb@tempcnta=\count271
) (D:\MikTex\tex/latex/multirow\multirow.sty
Package: multirow 2019/05/31 v2.5 Span multiple rows of a table
\multirow@colwidth=\skip60
\multirow@cntb=\count272
\multirow@dima=\skip61
\bigstrutjot=\dimen154
) (D:\MikTex\tex/latex/float\float.sty
Package: float 2001/11/08 v1.3d Float enhancements (AL)
\c@float@type=\count273
\float@exts=\toks32
\float@box=\box53
\@float@everytoks=\toks33
\@floatcapt=\box54
) (D:\MikTex\tex/latex/caption\caption.sty
Package: caption 2020/05/10 v3.4j Customizing captions (AR)
 (D:\MikTex\tex/latex/caption\caption3.sty
Package: caption3 2020/05/10 v1.11 caption3 kernel (AR)
Package caption3 Info: TeX engine: e-TeX on input line 61.
\captionmargin=\dimen155
\captionmargin@=\dimen156
\captionwidth=\dimen157
\caption@tempdima=\dimen158
\caption@indent=\dimen159
\caption@parindent=\dimen160
\caption@hangindent=\dimen161
Package caption Info: Unknown document class (or package),
(caption)             standard defaults will be used.
Package caption Info: \@makecaption = \long macro:#1#2-> \vskip \abovecaptionskip \parbox [t]{\hsize }{\floatcaption@size {\floatcaptionname@size #1}\hskip .5em #2\par }\vskip \belowcaptionskip  on input line 1053.
)

Package caption Warning: Unknown document class (or package),
(caption)                standard defaults will be used.
See the caption package documentation for explanation.

\c@caption@flags=\count274
\c@continuedfloat=\count275
Package caption Info: float package is loaded.
Package caption Info: hyperref package is loaded.
) (D:\MikTex\tex/latex/enumitem\enumitem.sty
Package: enumitem 2019/06/20 v3.9 Customized lists
\labelindent=\skip62
\enit@outerparindent=\dimen162
\enit@toks=\toks34
\enit@inbox=\box55
\enit@count@id=\count276
\enitdp@description=\count277
) (D:\MikTex\tex/latex/graphics\lscape.sty
Package: lscape 2000/10/22 v3.01 Landscape Pages (DPC)
) (D:\MikTex\tex/latex/lineno\lineno.sty
Package: lineno 2005/11/02 line numbers on paragraphs v4.41
\linenopenalty=\count278
\output=\toks35
\linenoprevgraf=\count279
\linenumbersep=\dimen163
\linenumberwidth=\dimen164
\c@linenumber=\count280
\c@pagewiselinenumber=\count281
\c@LN@truepage=\count282
\c@internallinenumber=\count283
\c@internallinenumbers=\count284
\quotelinenumbersep=\dimen165
\bframerule=\dimen166
\bframesep=\dimen167
\bframebox=\box56
LaTeX Info: Redefining \\ on input line 3056.
) (D:\MikTex\tex/latex/tools\longtable.sty
Package: longtable 2020/01/07 v4.13 Multi-page Table package (DPC)
\LTleft=\skip63
\LTright=\skip64
\LTpre=\skip65
\LTpost=\skip66
\LTchunksize=\count285
\LTcapwidth=\dimen168
\LT@head=\box57
\LT@firsthead=\box58
\LT@foot=\box59
\LT@lastfoot=\box60
\LT@cols=\count286
\LT@rows=\count287
\c@LT@tables=\count288
\c@LT@chunks=\count289
\LT@p@ftn=\toks36
) (D:\MikTex\tex/latex/appendix\appendix.sty
Package: appendix 2020/02/08 v1.2c extra appendix facilities
\c@@pps=\count290
\c@@ppsavesec=\count291
\c@@ppsaveapp=\count292
) (D:\MikTex\tex/latex/graphics\rotating.sty
Package: rotating 2016/08/11 v2.16d rotated objects in LaTeX
\c@r@tfl@t=\count293
\rotFPtop=\skip67
\rotFPbot=\skip68
\rot@float@box=\box61
\rot@mess@toks=\toks37
) (D:\MikTex\tex/latex/l3backend\l3backend-pdfmode.def
File: l3backend-pdfmode.def 2020-05-05 L3 backend support: PDF mode
\l__kernel_color_stack_int=\count294
\l__pdf_internal_box=\box62
) ("c:/Users\Admin\OneDrive - AUT University\PHD Journey\Papers\Journal of Big Data - Cybermycelium\Cybermycelium-Journal-of-Big-Data.aux")
\openout1 = `Cybermycelium-Journal-of-Big-Data.aux'.

LaTeX Font Info:    Checking defaults for OML/cmm/m/it on input line 98.
LaTeX Font Info:    ... okay on input line 98.
LaTeX Font Info:    Checking defaults for OMS/cmsy/m/n on input line 98.
LaTeX Font Info:    ... okay on input line 98.
LaTeX Font Info:    Checking defaults for OT1/cmr/m/n on input line 98.
LaTeX Font Info:    ... okay on input line 98.
LaTeX Font Info:    Checking defaults for T1/cmr/m/n on input line 98.
LaTeX Font Info:    ... okay on input line 98.
LaTeX Font Info:    Checking defaults for TS1/cmr/m/n on input line 98.
LaTeX Font Info:    ... okay on input line 98.
LaTeX Font Info:    Checking defaults for OMX/cmex/m/n on input line 98.
LaTeX Font Info:    ... okay on input line 98.
LaTeX Font Info:    Checking defaults for U/cmr/m/n on input line 98.
LaTeX Font Info:    ... okay on input line 98.
LaTeX Font Info:    Checking defaults for PD1/pdf/m/n on input line 98.
LaTeX Font Info:    ... okay on input line 98.
 (D:\MikTex\tex/context/base/mkii\supp-pdf.mkii
[Loading MPS to PDF converter (version 2006.09.02).]
\scratchcounter=\count295
\scratchdimen=\dimen169
\scratchbox=\box63
\nofMPsegments=\count296
\nofMParguments=\count297
\everyMPshowfont=\toks38
\MPscratchCnt=\count298
\MPscratchDim=\dimen170
\MPnumerator=\count299
\makeMPintoPDFobject=\count300
\everyMPtoPDFconversion=\toks39
) (D:\MikTex\tex/latex/epstopdf-pkg\epstopdf-base.sty
Package: epstopdf-base 2020-01-24 v2.11 Base part for package epstopdf
Package epstopdf-base Info: Redefining graphics rule for `.eps' on input line 485.
)
Package lastpage Info: Please have a look at the pageslts package at
(lastpage)             https://www.ctan.org/pkg/pageslts
(lastpage)             ! on input line 98.
\AtBeginShipoutBox=\box64
Package hyperref Info: Link coloring ON on input line 98.
 (D:\MikTex\tex/latex/hyperref\nameref.sty
Package: nameref 2019/09/16 v2.46 Cross-referencing by name of section
 (D:\MikTex\tex/latex/refcount\refcount.sty
Package: refcount 2019/12/15 v3.6 Data extraction from label references (HO)
) (D:\MikTex\tex/generic/gettitlestring\gettitlestring.sty
Package: gettitlestring 2019/12/15 v1.6 Cleanup title references (HO)
)
\c@section@level=\count301
)
LaTeX Info: Redefining \ref on input line 98.
LaTeX Info: Redefining \pageref on input line 98.
LaTeX Info: Redefining \nameref on input line 98.
\@outlinefile=\write3
\openout3 = `Cybermycelium-Journal-of-Big-Data.out'.

Package caption Info: Begin \AtBeginDocument code.
Package caption Info: longtable package is loaded.
 (D:\MikTex\tex/latex/caption\ltcaption.sty
Package: ltcaption 2018/08/26 v1.4a longtable captions (AR)
)
Package caption Info: rotating package is loaded.
Package caption Info: End \AtBeginDocument code.


LaTeX Font Warning: Font shape `OT1/cmss/bx/n' in size <13> not available
(Font)              size <12> substituted on input line 104.


LaTeX Font Warning: Font shape `OT1/cmss/m/n' in size <24> not available
(Font)              size <24.88> substituted on input line 112.

LaTeX Font Info:    Calculating math sizes for size <11> on input line 133.

LaTeX Font Warning: Font shape `OT1/cmr/m/n' in size <5.5> not available
(Font)              size <5> substituted on input line 133.


LaTeX Font Warning: Font shape `OML/cmm/m/it' in size <5.5> not available
(Font)              size <5> substituted on input line 133.


LaTeX Font Warning: Font shape `OMS/cmsy/m/n' in size <5.5> not available
(Font)              size <5> substituted on input line 133.

LaTeX Font Info:    Trying to load font information for U+msa on input line 133.
(D:\MikTex\tex/latex/amsfonts\umsa.fd
File: umsa.fd 2013/01/14 v3.01 AMS symbols A
)
LaTeX Font Info:    Trying to load font information for U+msb on input line 133.
 (D:\MikTex\tex/latex/amsfonts\umsb.fd
File: umsb.fd 2013/01/14 v3.01 AMS symbols B
)

LaTeX Warning: Reference `aff1thanks' on page 1 undefined on input line 133.


LaTeX Warning: Reference `bmc@corref@authorthanks' on page 1 undefined on input line 133.


LaTeX Warning: Reference `aff1thanks' on page 1 undefined on input line 137.


LaTeX Warning: Reference `aff2thanks' on page 1 undefined on input line 137.

\address@aff1=\toks40
\address@aff2=\toks41

LaTeX Warning: Reference `bmc@corref@authorthanks' on page 1 undefined on input line 177.


LaTeX Warning: Reference `au1@email' on page 1 undefined on input line 177.


LaTeX Warning: Reference `aff1thanks' on page 1 undefined on input line 177.


LaTeX Warning: Citation `AtaeiACIS' on page 1 undefined on input line 255.


LaTeX Warning: Citation `AtaeiBigDataEnvirons' on page 1 undefined on input line 255.


LaTeX Warning: Citation `AtaeiApsec' on page 1 undefined on input line 255.


LaTeX Warning: Citation `internet2019internet' on page 1 undefined on input line 257.


LaTeX Warning: Citation `lycett2013datafication' on page 1 undefined on input line 259.


LaTeX Warning: Citation `AtaeiBigDataEnvirons' on page 1 undefined on input line 259.


LaTeX Warning: Citation `AtaeiHype' on page 1 undefined on input line 259.


LaTeX Warning: Citation `Huberty' on page 1 undefined on input line 259.

LaTeX Font Info:    Font shape `OT1/cmss/m/it' in size <8> not available
(Font)              Font shape `OT1/cmss/m/sl' tried instead on input line 261.
[1{C:/Users/Admin/AppData/Local/MiKTeX/2.9/pdftex/config/pdftex.map}

]

LaTeX Warning: Citation `DataBricksSurvey' on page 2 undefined on input line 261.


LaTeX Warning: Citation `NewVantageSurvey' on page 2 undefined on input line 261.


LaTeX Warning: Citation `analytics2016age' on page 2 undefined on input line 261.


LaTeX Warning: Citation `Nash' on page 2 undefined on input line 261.


LaTeX Warning: Citation `AtaeiBigDataEnvirons' on page 2 undefined on input line 263.


LaTeX Warning: Citation `Singh' on page 2 undefined on input line 263.


LaTeX Warning: Citation `Gorton' on page 2 undefined on input line 263.


LaTeX Warning: Citation `Nadal' on page 2 undefined on input line 263.


LaTeX Warning: Citation `AtaeiApsec' on page 2 undefined on input line 268.


LaTeX Warning: Reference `background-section' on page 2 undefined on input line 271.


LaTeX Warning: Reference `RM-section' on page 2 undefined on input line 271.


LaTeX Warning: Reference `requirements-section' on page 2 undefined on input line 271.


LaTeX Warning: Reference `theory-section' on page 2 undefined on input line 271.


LaTeX Warning: Reference `artifact-section' on page 2 undefined on input line 271.


LaTeX Warning: Reference `evaluation-section' on page 2 undefined on input line 271.


LaTeX Warning: Reference `discussion-section' on page 2 undefined on input line 271.


LaTeX Warning: Reference `conclusion-section' on page 2 undefined on input line 271.


LaTeX Warning: Reference `LastPage' on page 2 undefined on input line 286.

[2]

LaTeX Warning: Citation `leonard2011design' on page 3 undefined on input line 295.


LaTeX Warning: Citation `brackenbury2018draining' on page 3 undefined on input line 296.


LaTeX Warning: Citation `AtaeiHype' on page 3 undefined on input line 297.


LaTeX Warning: Citation `lin2017lambda' on page 3 undefined on input line 297.


LaTeX Warning: Citation `ApachBeam' on page 3 undefined on input line 297.


LaTeX Warning: Citation `DataBricks' on page 3 undefined on input line 297.


LaTeX Warning: Reference `LastPage' on page 3 undefined on input line 298.

[3]

LaTeX Warning: Citation `AtaeiApsec' on page 4 undefined on input line 300.


LaTeX Warning: Citation `monolithToMesh' on page 4 undefined on input line 310.


LaTeX Warning: Citation `alshuqayran2016systematic' on page 4 undefined on input line 312.


LaTeX Warning: Reference `LastPage' on page 4 undefined on input line 313.

[4]

LaTeX Warning: Citation `SoftwareArchitectureKazman' on page 5 undefined on input line 321.


LaTeX Warning: Citation `AtaeiACIS' on page 5 undefined on input line 322.


LaTeX Warning: Citation `SoftwareArchitectureKazman' on page 5 undefined on input line 325.


LaTeX Warning: Citation `Cloutier' on page 5 undefined on input line 327.


LaTeX Warning: Citation `kohler2019towards' on page 5 undefined on input line 327.


LaTeX Warning: Citation `Derras' on page 5 undefined on input line 327.


LaTeX Warning: Citation `Cloutier' on page 5 undefined on input line 327.


LaTeX Warning: Citation `AtaeiACIS' on page 5 undefined on input line 329.


LaTeX Warning: Reference `LastPage' on page 5 undefined on input line 335.

[5]

LaTeX Warning: Citation `SoftwareArchitectureKazman' on page 6 undefined on input line 348.


LaTeX Warning: Citation `sommerville2011software' on page 6 undefined on input line 366.


LaTeX Warning: Citation `laplante2017requirements' on page 6 undefined on input line 366.


LaTeX Warning: Reference `LastPage' on page 6 undefined on input line 370.

[6]

LaTeX Warning: Citation `Bughin2016' on page 7 undefined on input line 372.


LaTeX Warning: Citation `rad2017big' on page 7 undefined on input line 372.


LaTeX Warning: Citation `nadal2017software' on page 7 undefined on input line 372.


LaTeX Warning: Citation `volk2020identifying' on page 7 undefined on input line 372.


LaTeX Warning: Citation `bashari2016security' on page 7 undefined on input line 372.


LaTeX Warning: Citation `yu2019components' on page 7 undefined on input line 372.


LaTeX Warning: Citation `eridaputra2014modeling' on page 7 undefined on input line 372.


LaTeX Warning: Citation `al2016characteristics' on page 7 undefined on input line 372.


LaTeX Warning: Citation `ataei2020big' on page 7 undefined on input line 374.


LaTeX Warning: Citation `kassab2014state' on page 7 undefined on input line 377.


LaTeX Warning: Citation `ISO29148' on page 7 undefined on input line 377.


LaTeX Warning: Citation `abran2004software' on page 7 undefined on input line 377.


LaTeX Warning: Citation `Cloutier' on page 7 undefined on input line 384.


LaTeX Warning: Citation `bayer2004definition' on page 7 undefined on input line 384.


LaTeX Warning: Citation `stricker2010creating' on page 7 undefined on input line 384.


LaTeX Warning: Citation `gamma1995design' on page 7 undefined on input line 384.


LaTeX Warning: Citation `nakagawa2009towards' on page 7 undefined on input line 384.


LaTeX Warning: Reference `LastPage' on page 7 undefined on input line 385.

[7]

LaTeX Warning: Citation `galster2011empirically' on page 8 undefined on input line 386.


LaTeX Warning: Citation `nakagawa2014consolidating' on page 8 undefined on input line 386.


LaTeX Warning: Citation `nakagawa2012ramodel' on page 8 undefined on input line 386.


LaTeX Warning: Citation `santos2013checklist' on page 8 undefined on input line 386.


LaTeX Warning: Citation `derras2018reference' on page 8 undefined on input line 386.


LaTeX Warning: Citation `wg2015iso' on page 8 undefined on input line 386.


LaTeX Warning: Citation `AtaeiACIS' on page 8 undefined on input line 388.


LaTeX Warning: Citation `galster2011empirically' on page 8 undefined on input line 388.


LaTeX Warning: Citation `angelov2008towards' on page 8 undefined on input line 390.


LaTeX Warning: Citation `angelov2014extending' on page 8 undefined on input line 390.


LaTeX Warning: Citation `kazman1998architecture' on page 8 undefined on input line 390.


LaTeX Warning: Citation `Cloutier' on page 8 undefined on input line 392.


LaTeX Warning: Citation `Derras' on page 8 undefined on input line 392.


LaTeX Warning: Reference `LastPage' on page 8 undefined on input line 394.

[8]

LaTeX Warning: Citation `angelov2009classification' on page 9 undefined on input line 398.


LaTeX Warning: Citation `angelov2008contracting' on page 9 undefined on input line 398.


LaTeX Warning: Citation `angelov2009classification' on page 9 undefined on input line 400.


LaTeX Warning: Citation `AtaeiACIS' on page 9 undefined on input line 404.


LaTeX Warning: Citation `angelov2009classification' on page 9 undefined on input line 404.


LaTeX Warning: Reference `appendixA:RA-classification' on page 9 undefined on input line 404.


LaTeX Warning: Citation `angelov2008towards' on page 9 undefined on input line 410.


LaTeX Warning: Citation `galster2011empirically' on page 9 undefined on input line 410.


LaTeX Warning: Reference `LastPage' on page 9 undefined on input line 413.

[9]

LaTeX Warning: Citation `gan2019open' on page 10 undefined on input line 427.


LaTeX Warning: Citation `laigner2021data' on page 10 undefined on input line 427.


LaTeX Warning: Citation `laigner2021data' on page 10 undefined on input line 427.


LaTeX Warning: Citation `QCON' on page 10 undefined on input line 427.


LaTeX Warning: Citation `ThoughtWorks' on page 10 undefined on input line 427.


LaTeX Warning: Citation `Geekle' on page 10 undefined on input line 427.


LaTeX Warning: Citation `KafkaSummit' on page 10 undefined on input line 427.


LaTeX Warning: Citation `moher2015preferred' on page 10 undefined on input line 429.


LaTeX Warning: Citation `kitchenham2015evidence' on page 10 undefined on input line 429.


LaTeX Warning: Citation `AtaeiACIS' on page 10 undefined on input line 431.


LaTeX Warning: Reference `LastPage' on page 10 undefined on input line 434.

[10]

LaTeX Warning: Citation `AtaeiApsec' on page 11 undefined on input line 435.


LaTeX Warning: Citation `castellanos2021smart' on page 11 undefined on input line 435.


LaTeX Warning: Citation `sang2017simplifying' on page 11 undefined on input line 435.


LaTeX Warning: Citation `ISO20546' on page 11 undefined on input line 435.


LaTeX Warning: Citation `ISO20547' on page 11 undefined on input line 435.

c:/Users/Admin/OneDrive - AUT University/PHD Journey/Papers/Journal of Big Data - Cybermycelium/Cybermycelium-Journal-of-Big-Data.tex:440: Missing number, treated as zero.
<to be read again> 
                   z
l.440             \item
                        Primary and secondary studies between Jan 1st 2020 a...
A number should have been here; I inserted `0'.
(If you can't figure out why I needed to see a number,
look up `weird error' in the index to The TeXbook.)

c:/Users/Admin/OneDrive - AUT University/PHD Journey/Papers/Journal of Big Data - Cybermycelium/Cybermycelium-Journal-of-Big-Data.tex:440: Illegal unit of measure (pt inserted).
<to be read again> 
                   z
l.440             \item
                        Primary and secondary studies between Jan 1st 2020 a...
Dimensions can be in units of em, ex, in, pt, pc,
cm, mm, dd, cc, nd, nc, bp, or sp; but yours is a new one!
I'll assume that you meant to say pt, for printer's points.
To recover gracefully from this error, it's best to
delete the erroneous units; e.g., type `2' to delete
two letters. (See Chapter 27 of The TeXbook.)

c:/Users/Admin/OneDrive - AUT University/PHD Journey/Papers/Journal of Big Data - Cybermycelium/Cybermycelium-Journal-of-Big-Data.tex:447: Missing number, treated as zero.
<to be read again> 
                   z
l.447             \item
                        Informal literature surveys without any clearly defi...
A number should have been here; I inserted `0'.
(If you can't figure out why I needed to see a number,
look up `weird error' in the index to The TeXbook.)

c:/Users/Admin/OneDrive - AUT University/PHD Journey/Papers/Journal of Big Data - Cybermycelium/Cybermycelium-Journal-of-Big-Data.tex:447: Illegal unit of measure (pt inserted).
<to be read again> 
                   z
l.447             \item
                        Informal literature surveys without any clearly defi...
Dimensions can be in units of em, ex, in, pt, pc,
cm, mm, dd, cc, nd, nc, bp, or sp; but yours is a new one!
I'll assume that you meant to say pt, for printer's points.
To recover gracefully from this error, it's best to
delete the erroneous units; e.g., type `2' to delete
two letters. (See Chapter 27 of The TeXbook.)


LaTeX Warning: Citation `krippendorff2011computing' on page 11 undefined on input line 455.


LaTeX Warning: Citation `kitchenham2015evidence' on page 11 undefined on input line 457.


LaTeX Warning: Citation `CASP' on page 11 undefined on input line 457.


LaTeX Warning: Reference `LastPage' on page 11 undefined on input line 469.

[11]

LaTeX Warning: Reference `fig:PRISMA' on page 12 undefined on input line 501.

<PRISMA.JPG, id=118, 1031.35312pt x 610.53094pt>
File: PRISMA.JPG Graphic file (type jpg)
<use PRISMA.JPG>
Package pdftex.def Info: PRISMA.JPG  used on input line 505.
(pdftex.def)             Requested size: 284.52756pt x 168.43219pt.

Package caption Warning: The option `hypcap=true' will be ignored for this
(caption)                particular \caption on input line 506.
See the caption package documentation for explanation.


LaTeX Warning: Reference `fig:SLRStats' on page 12 undefined on input line 511.


LaTeX Warning: Reference `LastPage' on page 12 undefined on input line 512.

[12 <c:/Users/Admin/OneDrive - AUT University/PHD Journey/Papers/Journal of Big Data - Cybermycelium/PRISMA.JPG>]
<databases-statitistic.jpg, id=133, 1003.75pt x 668.4975pt>
File: databases-statitistic.jpg Graphic file (type jpg)
<use databases-statitistic.jpg>
Package pdftex.def Info: databases-statitistic.jpg  used on input line 515.
(pdftex.def)             Requested size: 341.43306pt x 227.39835pt.


Package caption Warning: The option `hypcap=true' will be ignored for this
(caption)                particular \caption on input line 516.
See the caption package documentation for explanation.


LaTeX Warning: Citation `cruzes2011recommended' on page 13 undefined on input line 521.


LaTeX Warning: Citation `lofland1971analyzing' on page 13 undefined on input line 521.


LaTeX Warning: Citation `nvivo' on page 13 undefined on input line 521.


LaTeX Warning: Reference `appendixA:SLR' on page 13 undefined on input line 521.


LaTeX Warning: Citation `ISO42010' on page 13 undefined on input line 525.


LaTeX Warning: Reference `LastPage' on page 13 undefined on input line 527.

[13 <c:/Users/Admin/OneDrive - AUT University/PHD Journey/Papers/Journal of Big Data - Cybermycelium/databases-statitistic.jpg>]

LaTeX Warning: Citation `angelov2012framework' on page 14 undefined on input line 527.


LaTeX Warning: Citation `Cloutier' on page 14 undefined on input line 528.


LaTeX Warning: Citation `vogel2009software' on page 14 undefined on input line 528.


LaTeX Warning: Citation `Stricker' on page 14 undefined on input line 530.


LaTeX Warning: Citation `Chang' on page 14 undefined on input line 530.


LaTeX Warning: Citation `lankhorst2013language' on page 14 undefined on input line 532.


LaTeX Warning: Citation `lankhorst2010anatomy' on page 14 undefined on input line 532.


LaTeX Warning: Citation `engelsman2011extending' on page 14 undefined on input line 532.


LaTeX Warning: Citation `rurua2019representing' on page 14 undefined on input line 539.


LaTeX Warning: Citation `la2009questionnaire' on page 14 undefined on input line 541.


LaTeX Warning: Citation `rosemann2007configurable' on page 14 undefined on input line 541.


LaTeX Warning: Citation `hallerbach2010capturing' on page 14 undefined on input line 541.


LaTeX Warning: Citation `pohl2005software' on page 14 undefined on input line 541.


LaTeX Warning: Citation `chen2011systematic' on page 14 undefined on input line 541.


LaTeX Warning: Citation `schmid2004customizable' on page 14 undefined on input line 541.


LaTeX Warning: Citation `svahnberg2005taxonomy' on page 14 undefined on input line 541.


LaTeX Warning: Citation `sinnema2006covamof' on page 14 undefined on input line 541.


LaTeX Warning: Citation `czarnecki2012cool' on page 14 undefined on input line 543.


LaTeX Warning: Citation `galster2011empirically' on page 14 undefined on input line 543.


LaTeX Warning: Reference `LastPage' on page 14 undefined on input line 547.

[14]

LaTeX Warning: Citation `rurua2019representing' on page 15 undefined on input line 551.


LaTeX Warning: Reference `variability' on page 15 undefined on input line 553.


LaTeX Warning: Citation `pohl2005software' on page 15 undefined on input line 553.


LaTeX Warning: Citation `rurua2019representing' on page 15 undefined on input line 553.


LaTeX Warning: Reference `the-artifact' on page 15 undefined on input line 553.

<variability-model.JPG, id=147, 1282.7925pt x 607.26875pt>
File: variability-model.JPG Graphic file (type jpg)
<use variability-model.JPG>
Package pdftex.def Info: variability-model.JPG  used on input line 557.
(pdftex.def)             Requested size: 369.88582pt x 175.10268pt.

Package caption Warning: The option `hypcap=true' will be ignored for this
(caption)                particular \caption on input line 558.
See the caption package documentation for explanation.


Overfull \hbox (21.38582pt too wide) in paragraph at lines 557--558
 [][] 
 []


LaTeX Warning: Citation `galster2011empirically' on page 15 undefined on input line 564.


LaTeX Warning: Citation `sharpe2019industrial' on page 15 undefined on input line 564.


LaTeX Warning: Citation `angelov2008contracting' on page 15 undefined on input line 566.


LaTeX Warning: Citation `Avgeriou' on page 15 undefined on input line 566.


LaTeX Warning: Citation `Cioroaica' on page 15 undefined on input line 566.


LaTeX Warning: Citation `Maier' on page 15 undefined on input line 566.


LaTeX Warning: Reference `LastPage' on page 15 undefined on input line 570.

[15 <c:/Users/Admin/OneDrive - AUT University/PHD Journey/Papers/Journal of Big Data - Cybermycelium/variability-model.JPG>]

LaTeX Warning: Citation `kazman1994saam' on page 16 undefined on input line 574.


LaTeX Warning: Citation `Bengtsson' on page 16 undefined on input line 574.


LaTeX Warning: Citation `Williams' on page 16 undefined on input line 574.


LaTeX Warning: Citation `KazmanATAM' on page 16 undefined on input line 574.


LaTeX Warning: Citation `angelov2008towards' on page 16 undefined on input line 577.


LaTeX Warning: Citation `Avgeriou' on page 16 undefined on input line 578.


LaTeX Warning: Citation `bengtsson1998scenario' on page 16 undefined on input line 578.


LaTeX Warning: Citation `angelov2008towards' on page 16 undefined on input line 583.


LaTeX Warning: Citation `graaf2005evaluating' on page 16 undefined on input line 585.


LaTeX Warning: Citation `Maier' on page 16 undefined on input line 585.


LaTeX Warning: Citation `galster2011empirically' on page 16 undefined on input line 585.


LaTeX Warning: Reference `LastPage' on page 16 undefined on input line 587.

[16]

LaTeX Warning: Citation `rohling2019reference' on page 17 undefined on input line 587.


LaTeX Warning: Citation `Nakagawa' on page 17 undefined on input line 587.


LaTeX Warning: Citation `nakagawa2012ramodel' on page 17 undefined on input line 587.


LaTeX Warning: Reference `requirement-spec-methodology' on page 17 undefined on input line 593.


LaTeX Warning: Reference `LastPage' on page 17 undefined on input line 625.

[17]

LaTeX Warning: Reference `LastPage' on page 18 undefined on input line 660.

[18]

LaTeX Warning: Reference `State of the art' on page 19 undefined on input line 732.


LaTeX Warning: Citation `hypothesisDev' on page 19 undefined on input line 745.


LaTeX Warning: Citation `monolithToMesh' on page 19 undefined on input line 745.


LaTeX Warning: Reference `LastPage' on page 19 undefined on input line 746.

[19]

LaTeX Warning: Citation `ford2017building' on page 20 undefined on input line 748.


LaTeX Warning: Citation `newman2021building' on page 20 undefined on input line 748.


LaTeX Warning: Reference `LastPage' on page 20 undefined on input line 758.

[20]

LaTeX Warning: Reference `need for paradigm shift' on page 21 undefined on input line 768.


LaTeX Warning: Citation `EventDrivenMicroServices' on page 21 undefined on input line 770.


LaTeX Warning: Citation `evans2004domain' on page 21 undefined on input line 770.


LaTeX Warning: Citation `aceto2007reactive' on page 21 undefined on input line 770.


LaTeX Warning: Citation `dataMeshArticle' on page 21 undefined on input line 774.


LaTeX Warning: Citation `di2017architecting' on page 21 undefined on input line 776.


LaTeX Warning: Citation `zimmermann2017microservices' on page 21 undefined on input line 776.


LaTeX Warning: Citation `waseem2020systematic' on page 21 undefined on input line 776.


LaTeX Warning: Reference `LastPage' on page 21 undefined on input line 781.

[21]

LaTeX Warning: Citation `laigner2021data' on page 22 undefined on input line 795.


LaTeX Warning: Citation `sudhakar2012model' on page 22 undefined on input line 799.


LaTeX Warning: Citation `khononov2021learning' on page 22 undefined on input line 799.


LaTeX Warning: Reference `LastPage' on page 22 undefined on input line 802.

[22]

LaTeX Warning: Reference `data-facets' on page 23 undefined on input line 807.

<Media/product-facets.jpg, id=231, 702.625pt x 661.47125pt>
File: Media/product-facets.jpg Graphic file (type jpg)
<use Media/product-facets.jpg>
Package pdftex.def Info: Media/product-facets.jpg  used on input line 811.
(pdftex.def)             Requested size: 284.52756pt x 267.8641pt.

Package caption Warning: The option `hypcap=true' will be ignored for this
(caption)                particular \caption on input line 813.
See the caption package documentation for explanation.


LaTeX Warning: Reference `LastPage' on page 23 undefined on input line 817.

[23 <c:/Users/Admin/OneDrive - AUT University/PHD Journey/Papers/Journal of Big Data - Cybermycelium/Media/product-facets.jpg>]

LaTeX Warning: Citation `Terraform' on page 24 undefined on input line 824.


LaTeX Warning: Citation `Segment' on page 24 undefined on input line 824.


LaTeX Warning: Citation `Helm' on page 24 undefined on input line 826.


LaTeX Warning: Citation `Make' on page 24 undefined on input line 826.


LaTeX Warning: Citation `alshuqayran2016systematic' on page 24 undefined on input line 831.


LaTeX Warning: Reference `LastPage' on page 24 undefined on input line 832.

[24]

LaTeX Warning: Citation `josey2016togaf' on page 25 undefined on input line 833.


LaTeX Warning: Reference `LastPage' on page 25 undefined on input line 845.

[25]

LaTeX Warning: Reference `fig:Cybermycelium Product Domain Design' on page 26 undefined on input line 851.


LaTeX Warning: Reference `fig:Cybermycelium' on page 26 undefined on input line 853.

<Media/Cybermycelium.jpg, id=251, 1528.71124pt x 740.7675pt>
File: Media/Cybermycelium.jpg Graphic file (type jpg)
<use Media/Cybermycelium.jpg>
Package pdftex.def Info: Media/Cybermycelium.jpg  used on input line 860.
(pdftex.def)             Requested size: 654.41338pt x 317.11092pt.

Overfull \hbox (1.41338pt too wide) in paragraph at lines 860--861
[][] 
 []

<Media/Product Domain.jpg, id=252, 819.06pt x 529.98pt>
File: Media/Product Domain.jpg Graphic file (type jpg)
<use Media/Product Domain.jpg>
Package pdftex.def Info: Media/Product Domain.jpg  used on input line 869.
(pdftex.def)             Requested size: 341.43306pt x 220.93227pt.

Package caption Warning: The option `hypcap=true' will be ignored for this
(caption)                particular \caption on input line 870.
See the caption package documentation for explanation.


LaTeX Warning: `!h' float specifier changed to `!ht'.


LaTeX Warning: Reference `LastPage' on page 26 undefined on input line 882.

[26]

LaTeX Warning: Reference `LastPage' on page 27 undefined on input line 882.

[27 <c:/Users/Admin/OneDrive - AUT University/PHD Journey/Papers/Journal of Big Data - Cybermycelium/Media/Cybermycelium.jpg>]

LaTeX Warning: Reference `LastPage' on page 28 undefined on input line 885.

[28 <c:/Users/Admin/OneDrive - AUT University/PHD Journey/Papers/Journal of Big Data - Cybermycelium/Media/Product Domain.jpg>]

LaTeX Warning: Reference `LastPage' on page 29 undefined on input line 887.

[29]

LaTeX Warning: Reference `LastPage' on page 30 undefined on input line 892.

[30]

LaTeX Warning: Citation `ISOMetadata' on page 31 undefined on input line 893.


Underfull \hbox (badness 1342) in paragraph at lines 895--896
[]\OT1/cmr/bx/n/10 Security Reg-u-la-tions: \OT1/cmr/m/n/10 com-pany wide reg-u-la-tions on
 []


LaTeX Warning: Citation `GartnerDataCatalog' on page 31 undefined on input line 900.


LaTeX Warning: Reference `LastPage' on page 31 undefined on input line 901.

[31]

LaTeX Warning: Citation `MicroServicesPatterns' on page 32 undefined on input line 902.


LaTeX Warning: Reference `LastPage' on page 32 undefined on input line 908.

[32]

LaTeX Warning: Reference `LastPage' on page 33 undefined on input line 924.

[33]

LaTeX Warning: Citation `wieringa2014design' on page 34 undefined on input line 927.


LaTeX Warning: Citation `ISO25000' on page 34 undefined on input line 929.


LaTeX Warning: Reference `fig:ConcreteCyberMycelium' on page 34 undefined on input line 933.

<Media/concrete-mycelium.jpg, id=308, 1564.84625pt x 785.93625pt>
File: Media/concrete-mycelium.jpg Graphic file (type jpg)
<use Media/concrete-mycelium.jpg>
Package pdftex.def Info: Media/concrete-mycelium.jpg  used on input line 937.
(pdftex.def)             Requested size: 654.41338pt x 328.67587pt.

Overfull \hbox (1.41338pt too wide) in paragraph at lines 937--938
[][] 
 []


LaTeX Warning: Reference `LastPage' on page 34 undefined on input line 943.

[34]

LaTeX Warning: Reference `LastPage' on page 35 undefined on input line 943.

[35 <c:/Users/Admin/OneDrive - AUT University/PHD Journey/Papers/Journal of Big Data - Cybermycelium/Media/concrete-mycelium.jpg>]

LaTeX Warning: Reference `theory-section' on page 36 undefined on input line 962.


LaTeX Warning: Reference `LastPage' on page 36 undefined on input line 966.

[36]

LaTeX Warning: Reference `fig:utility-tree' on page 37 undefined on input line 967.

<Media/Utility-tree.jpg, id=327, 863.225pt x 572.1375pt>
File: Media/Utility-tree.jpg Graphic file (type jpg)
<use Media/Utility-tree.jpg>
Package pdftex.def Info: Media/Utility-tree.jpg  used on input line 971.
(pdftex.def)             Requested size: 284.52756pt x 188.57896pt.

Package caption Warning: The option `hypcap=true' will be ignored for this
(caption)                particular \caption on input line 972.
See the caption package documentation for explanation.


LaTeX Warning: Reference `evaluation-results' on page 37 undefined on input line 988.


LaTeX Warning: Reference `LastPage' on page 37 undefined on input line 991.

[37 <c:/Users/Admin/OneDrive - AUT University/PHD Journey/Papers/Journal of Big Data - Cybermycelium/Media/Utility-tree.jpg>]

LaTeX Warning: Citation `KazmanATAM' on page 38 undefined on input line 999.


LaTeX Warning: Reference `LastPage' on page 38 undefined on input line 1015.

[38]

LaTeX Warning: Reference `LastPage' on page 39 undefined on input line 1040.

[39]

LaTeX Warning: Reference `LastPage' on page 40 undefined on input line 1067.

[40]

LaTeX Warning: Citation `kazman1994saam' on page 41 undefined on input line 1075.


LaTeX Warning: Reference `LastPage' on page 41 undefined on input line 1097.

[41]

LaTeX Warning: Reference `LastPage' on page 42 undefined on input line 1109.

[42]

LaTeX Warning: Citation `angelov2008towards' on page 43 undefined on input line 1125.


LaTeX Warning: Reference `LastPage' on page 43 undefined on input line 1128.

[43]
No file Cybermycelium-Journal-of-Big-Data.bbl.

AED: lastpage setting LastPage

LaTeX Warning: Reference `LastPage' on page 44 undefined on input line 1247.

[44]

Package caption Warning: Unused \captionsetup[table] on input line 69.
See the caption package documentation for explanation.

Package atveryend Info: Empty hook `BeforeClearDocument' on input line 1247.
Package atveryend Info: Empty hook `AfterLastShipout' on input line 1247.
("c:/Users\Admin\OneDrive - AUT University\PHD Journey\Papers\Journal of Big Data - Cybermycelium\Cybermycelium-Journal-of-Big-Data.aux")
Package atveryend Info: Executing hook `AtVeryEndDocument' on input line 1247.
Package atveryend Info: Executing hook `AtEndAfterFileList' on input line 1247.


Package rerunfilecheck Warning: File `Cybermycelium-Journal-of-Big-Data.out' has changed.
(rerunfilecheck)                Rerun to get outlines right
(rerunfilecheck)                or use package `bookmark'.

Package rerunfilecheck Info: Checksums for `Cybermycelium-Journal-of-Big-Data.out':
(rerunfilecheck)             Before: <no file>
(rerunfilecheck)             After:  56D9CA24D63B93CCEB714A647C18EB4D;3806.

LaTeX Font Warning: Size substitutions with differences
(Font)              up to 1.0pt have occurred.


LaTeX Warning: There were undefined references.


LaTeX Warning: Label(s) may have changed. Rerun to get cross-references right.

Package atveryend Info: Empty hook `AtVeryVeryEnd' on input line 1247.
 )
(\end occurred when \ifx on line 177 was incomplete)
(\end occurred when \iffalse on line 177 was incomplete) 
Here is how much of TeX's memory you used:
 10458 strings out of 480795
 152165 string characters out of 2913777
 425984 words of memory out of 3000000
 26034 multiletter control sequences out of 15000+200000
 545245 words of font info for 73 fonts, out of 3000000 for 9000
 1141 hyphenation exceptions out of 8191
 38i,10n,43p,1869b,536s stack positions out of 5000i,500n,10000p,200000b,50000s
pdfTeX warning (dest): name{aff2} has been referenced but does not exist, replaced by a fixed one

pdfTeX warning (dest): name{aff1} has been referenced but does not exist, replaced by a fixed one

 <C:\Users\Admin\AppData\Local\MiKTeX\2.9\fonts/pk/ljfour/jknappen/ec/dpi600\tcrm1000.pk><D:/MikTex/fonts/type1/public/amsfonts/cm/cmbx10.pfb><D:/MikTex/fonts/type1/public/amsfonts/cm/cmbx5.pfb><D:/MikTex/fonts/type1/public/amsfonts/cm/cmbx7.pfb><D:/MikTex/fonts/type1/public/amsfonts/cm/cmbx8.pfb><D:/MikTex/fonts/type1/public/amsfonts/cm/cmmi10.pfb><D:/MikTex/fonts/type1/public/amsfonts/cm/cmr10.pfb><D:/MikTex/fonts/type1/public/amsfonts/cm/cmr7.pfb><D:/MikTex/fonts/type1/public/amsfonts/cm/cmss10.pfb><D:/MikTex/fonts/type1/public/amsfonts/cm/cmss17.pfb><D:/MikTex/fonts/type1/public/amsfonts/cm/cmss8.pfb><D:/MikTex/fonts/type1/public/amsfonts/cm/cmssbx10.pfb><D:/MikTex/fonts/type1/public/amsfonts/cm/cmti10.pfb>
Output written on "c:/Users\Admin\OneDrive - AUT University\PHD Journey\Papers\Journal of Big Data - Cybermycelium\Cybermycelium-Journal-of-Big-Data.pdf" (44 pages, 1157914 bytes).
PDF statistics:
 499 PDF objects out of 1000 (max. 8388607)
 235 named destinations out of 1000 (max. 500000)
 41 words of extra memory for PDF output out of 10000 (max. 10000000)

