\BOOKMARK [1][-]{section*.1}{Abstract}{}% 1
\BOOKMARK [1][-]{section.1}{Introduction}{}% 2
\BOOKMARK [1][-]{section.2}{Background}{}% 3
\BOOKMARK [2][-]{subsection.2.1}{Big Data Architectures: State of the art}{section.2}% 4
\BOOKMARK [2][-]{subsection.2.2}{Why reference architecture?}{section.2}% 5
\BOOKMARK [1][-]{section.3}{Research Methodology}{}% 6
\BOOKMARK [2][-]{subsection.3.1}{Requirement Specification}{section.3}% 7
\BOOKMARK [3][-]{subsubsection.3.1.1}{Type of requirements}{subsection.3.1}% 8
\BOOKMARK [3][-]{subsubsection.3.1.2}{Categorizing requirements}{subsection.3.1}% 9
\BOOKMARK [3][-]{subsubsection.3.1.3}{Present requirements}{subsection.3.1}% 10
\BOOKMARK [2][-]{subsection.3.2}{The artefact development methodology}{section.3}% 11
\BOOKMARK [2][-]{subsection.3.3}{Step1: Decision on type of the RA}{section.3}% 12
\BOOKMARK [2][-]{subsection.3.4}{Step2: Selection of Design Strategy}{section.3}% 13
\BOOKMARK [2][-]{subsection.3.5}{Step 3: Empirical Acquisition of Data }{section.3}% 14
\BOOKMARK [3][-]{subsubsection.3.5.1}{Identification of data sources}{subsection.3.5}% 15
\BOOKMARK [3][-]{subsubsection.3.5.2}{Data Synthesis}{subsection.3.5}% 16
\BOOKMARK [2][-]{subsection.3.6}{Construction of the RA}{section.3}% 17
\BOOKMARK [2][-]{subsection.3.7}{Enabling RA with variability}{section.3}% 18
\BOOKMARK [2][-]{subsection.3.8}{Evaluation of the RA}{section.3}% 19
\BOOKMARK [1][-]{section.4}{Cybermycelium Software and System Requirements}{}% 20
\BOOKMARK [2][-]{subsection.4.1}{Volume}{section.4}% 21
\BOOKMARK [2][-]{subsection.4.2}{Velocity}{section.4}% 22
\BOOKMARK [2][-]{subsection.4.3}{Variety}{section.4}% 23
\BOOKMARK [2][-]{subsection.4.4}{Value}{section.4}% 24
\BOOKMARK [2][-]{subsection.4.5}{Security and Privacy}{section.4}% 25
\BOOKMARK [2][-]{subsection.4.6}{Veracity}{section.4}% 26
\BOOKMARK [1][-]{section.5}{Why Cybermycelium?}{}% 27
\BOOKMARK [2][-]{subsection.5.1}{A need for a paradigm shift}{section.5}% 28
\BOOKMARK [1][-]{section.6}{Cybermycelium: A Domain-Driven Distributed Reference Architecture for Big Data Systems}{}% 29
\BOOKMARK [2][-]{subsection.6.1}{The Theory}{section.6}% 30
\BOOKMARK [3][-]{subsubsection.6.1.1}{A paradigm shift: distributed domain-driven architecture}{subsection.6.1}% 31
\BOOKMARK [3][-]{subsubsection.6.1.2}{Distributed Domain-driven services with bounded context}{subsection.6.1}% 32
\BOOKMARK [3][-]{subsubsection.6.1.3}{Data as a service:}{subsection.6.1}% 33
\BOOKMARK [3][-]{subsubsection.6.1.4}{Data infrastructure automation}{subsection.6.1}% 34
\BOOKMARK [3][-]{subsubsection.6.1.5}{Governance through a federation service}{subsection.6.1}% 35
\BOOKMARK [3][-]{subsubsection.6.1.6}{Event driven services}{subsection.6.1}% 36
\BOOKMARK [2][-]{subsection.6.2}{The Artefact}{section.6}% 37
\BOOKMARK [1][-]{section.7}{Evaluation:}{}% 38
\BOOKMARK [2][-]{subsection.7.1}{Phase 1:}{section.7}% 39
\BOOKMARK [3][-]{subsubsection.7.1.1}{Step 1 and 2: Introduction}{subsection.7.1}% 40
\BOOKMARK [3][-]{subsubsection.7.1.2}{Step 3: Present the Architecture}{subsection.7.1}% 41
\BOOKMARK [3][-]{subsubsection.7.1.3}{Step 4: Identifying Architectural Approaches}{subsection.7.1}% 42
\BOOKMARK [3][-]{subsubsection.7.1.4}{Step 5: Utility Tree Elicitation:}{subsection.7.1}% 43
\BOOKMARK [3][-]{subsubsection.7.1.5}{Step 6: Analyze Architectural Approaches:}{subsection.7.1}% 44
\BOOKMARK [2][-]{subsection.7.2}{Phase 2:}{section.7}% 45
\BOOKMARK [3][-]{subsubsection.7.2.1}{Step 7: Brainstorm and Prioritize Scenarios}{subsection.7.2}% 46
\BOOKMARK [3][-]{subsubsection.7.2.2}{Step 8: Analyze Architectural Approaches}{subsection.7.2}% 47
\BOOKMARK [3][-]{subsubsection.7.2.3}{Step 9: Present Results}{subsection.7.2}% 48
\BOOKMARK [1][-]{section.8}{Discussion}{}% 49
\BOOKMARK [1][-]{section.9}{Conclusion}{}% 50
